<?xml version="1.0" encoding="UTF-8"?>
<!-- Generated by org.testng.reporters.JUnitReportReporter -->
<testsuite skipped="0" hostname="Margosha" name="com.herokuapp.theinternet.NegativeTests" tests="2" failures="0" timestamp="04 Mar 2019 03:16:51 GMT" time="15.776" errors="0">
  <testcase name="negativeTest" time="8.022" classname="com.herokuapp.theinternet.NegativeTests"/>
  <testcase name="negativeTest" time="7.754" classname="com.herokuapp.theinternet.NegativeTests"/>
</testsuite> <!-- com.herokuapp.theinternet.NegativeTests -->
