<?xml version="1.0" encoding="UTF-8"?>
<!-- Generated by org.testng.reporters.JUnitReportReporter -->
<testsuite skipped="0" hostname="Margosha" name="com.herokuapp.theinternet.PositiveTests" tests="1" failures="0" timestamp="04 Mar 2019 01:49:09 GMT" time="7.195" errors="0">
  <testcase name="logInTest" time="7.195" classname="com.herokuapp.theinternet.PositiveTests"/>
</testsuite> <!-- com.herokuapp.theinternet.PositiveTests -->
